  [1m[35m (7.0ms)[0m  [1m[35mCREATE DATABASE `first_app_development` DEFAULT CHARACTER SET `utf8mb4`[0m
  [1m[35m (0.8ms)[0m  [1m[35mCREATE DATABASE `first_app_test` DEFAULT CHARACTER SET `utf8mb4`[0m
Started GET "/" for ::1 at 2021-08-12 19:18:12 +0900
Processing by Rails::WelcomeController#index as HTML
  Rendering /Users/genki/.rbenv/versions/2.6.5/lib/ruby/gems/2.6.0/gems/railties-6.0.4/lib/rails/templates/rails/welcome/index.html.erb
  Rendered /Users/genki/.rbenv/versions/2.6.5/lib/ruby/gems/2.6.0/gems/railties-6.0.4/lib/rails/templates/rails/welcome/index.html.erb (Duration: 13.6ms | Allocations: 482)
Completed 200 OK in 22ms (Views: 16.2ms | ActiveRecord: 0.0ms | Allocations: 2822)


Started GET "/posts" for ::1 at 2021-08-12 19:38:01 +0900
  
ActionController::RoutingError (uninitialized constant PostsController):
  
actionpack (6.0.4) lib/action_dispatch/http/request.rb:92:in `rescue in controller_class_for'
actionpack (6.0.4) lib/action_dispatch/http/request.rb:88:in `controller_class_for'
actionpack (6.0.4) lib/action_dispatch/http/request.rb:81:in `controller_class'
actionpack (6.0.4) lib/action_dispatch/routing/route_set.rb:44:in `controller'
actionpack (6.0.4) lib/action_dispatch/routing/route_set.rb:31:in `serve'
actionpack (6.0.4) lib/action_dispatch/journey/router.rb:49:in `block in serve'
actionpack (6.0.4) lib/action_dispatch/journey/router.rb:32:in `each'
actionpack (6.0.4) lib/action_dispatch/journey/router.rb:32:in `serve'
actionpack (6.0.4) lib/action_dispatch/routing/route_set.rb:834:in `call'
rack (2.2.3) lib/rack/tempfile_reaper.rb:15:in `call'
rack (2.2.3) lib/rack/etag.rb:27:in `call'
rack (2.2.3) lib/rack/conditional_get.rb:27:in `call'
rack (2.2.3) lib/rack/head.rb:12:in `call'
actionpack (6.0.4) lib/action_dispatch/http/content_security_policy.rb:18:in `call'
rack (2.2.3) lib/rack/session/abstract/id.rb:266:in `context'
rack (2.2.3) lib/rack/session/abstract/id.rb:260:in `call'
actionpack (6.0.4) lib/action_dispatch/middleware/cookies.rb:654:in `call'
activerecord (6.0.4) lib/active_record/migration.rb:567:in `call'
actionpack (6.0.4) lib/action_dispatch/middleware/callbacks.rb:27:in `block in call'
activesupport (6.0.4) lib/active_support/callbacks.rb:101:in `run_callbacks'
actionpack (6.0.4) lib/action_dispatch/middleware/callbacks.rb:26:in `call'
actionpack (6.0.4) lib/action_dispatch/middleware/executor.rb:14:in `call'
actionpack (6.0.4) lib/action_dispatch/middleware/actionable_exceptions.rb:18:in `call'
actionpack (6.0.4) lib/action_dispatch/middleware/debug_exceptions.rb:32:in `call'
web-console (4.1.0) lib/web_console/middleware.rb:132:in `call_app'
web-console (4.1.0) lib/web_console/middleware.rb:28:in `block in call'
web-console (4.1.0) lib/web_console/middleware.rb:17:in `catch'
web-console (4.1.0) lib/web_console/middleware.rb:17:in `call'
actionpack (6.0.4) lib/action_dispatch/middleware/show_exceptions.rb:33:in `call'
railties (6.0.4) lib/rails/rack/logger.rb:37:in `call_app'
railties (6.0.4) lib/rails/rack/logger.rb:26:in `block in call'
activesupport (6.0.4) lib/active_support/tagged_logging.rb:80:in `block in tagged'
activesupport (6.0.4) lib/active_support/tagged_logging.rb:28:in `tagged'
activesupport (6.0.4) lib/active_support/tagged_logging.rb:80:in `tagged'
railties (6.0.4) lib/rails/rack/logger.rb:26:in `call'
sprockets-rails (3.2.2) lib/sprockets/rails/quiet_assets.rb:13:in `call'
actionpack (6.0.4) lib/action_dispatch/middleware/remote_ip.rb:81:in `call'
actionpack (6.0.4) lib/action_dispatch/middleware/request_id.rb:27:in `call'
rack (2.2.3) lib/rack/method_override.rb:24:in `call'
rack (2.2.3) lib/rack/runtime.rb:22:in `call'
activesupport (6.0.4) lib/active_support/cache/strategy/local_cache_middleware.rb:29:in `call'
actionpack (6.0.4) lib/action_dispatch/middleware/executor.rb:14:in `call'
actionpack (6.0.4) lib/action_dispatch/middleware/static.rb:126:in `call'
rack (2.2.3) lib/rack/sendfile.rb:110:in `call'
actionpack (6.0.4) lib/action_dispatch/middleware/host_authorization.rb:82:in `call'
webpacker (4.3.0) lib/webpacker/dev_server_proxy.rb:23:in `perform_request'
rack-proxy (0.7.0) lib/rack/proxy.rb:63:in `call'
railties (6.0.4) lib/rails/engine.rb:527:in `call'
puma (3.12.6) lib/puma/configuration.rb:227:in `call'
puma (3.12.6) lib/puma/server.rb:706:in `handle_request'
puma (3.12.6) lib/puma/server.rb:476:in `process_client'
puma (3.12.6) lib/puma/server.rb:334:in `block in run'
puma (3.12.6) lib/puma/thread_pool.rb:135:in `block in spawn_thread'
Started GET "/posts" for ::1 at 2021-08-12 19:38:05 +0900
  
ActionController::RoutingError (uninitialized constant PostsController):
  
actionpack (6.0.4) lib/action_dispatch/http/request.rb:92:in `rescue in controller_class_for'
actionpack (6.0.4) lib/action_dispatch/http/request.rb:88:in `controller_class_for'
actionpack (6.0.4) lib/action_dispatch/http/request.rb:81:in `controller_class'
actionpack (6.0.4) lib/action_dispatch/routing/route_set.rb:44:in `controller'
actionpack (6.0.4) lib/action_dispatch/routing/route_set.rb:31:in `serve'
actionpack (6.0.4) lib/action_dispatch/journey/router.rb:49:in `block in serve'
actionpack (6.0.4) lib/action_dispatch/journey/router.rb:32:in `each'
actionpack (6.0.4) lib/action_dispatch/journey/router.rb:32:in `serve'
actionpack (6.0.4) lib/action_dispatch/routing/route_set.rb:834:in `call'
rack (2.2.3) lib/rack/tempfile_reaper.rb:15:in `call'
rack (2.2.3) lib/rack/etag.rb:27:in `call'
rack (2.2.3) lib/rack/conditional_get.rb:27:in `call'
rack (2.2.3) lib/rack/head.rb:12:in `call'
actionpack (6.0.4) lib/action_dispatch/http/content_security_policy.rb:18:in `call'
rack (2.2.3) lib/rack/session/abstract/id.rb:266:in `context'
rack (2.2.3) lib/rack/session/abstract/id.rb:260:in `call'
actionpack (6.0.4) lib/action_dispatch/middleware/cookies.rb:654:in `call'
activerecord (6.0.4) lib/active_record/migration.rb:567:in `call'
actionpack (6.0.4) lib/action_dispatch/middleware/callbacks.rb:27:in `block in call'
activesupport (6.0.4) lib/active_support/callbacks.rb:101:in `run_callbacks'
actionpack (6.0.4) lib/action_dispatch/middleware/callbacks.rb:26:in `call'
actionpack (6.0.4) lib/action_dispatch/middleware/executor.rb:14:in `call'
actionpack (6.0.4) lib/action_dispatch/middleware/actionable_exceptions.rb:18:in `call'
actionpack (6.0.4) lib/action_dispatch/middleware/debug_exceptions.rb:32:in `call'
web-console (4.1.0) lib/web_console/middleware.rb:132:in `call_app'
web-console (4.1.0) lib/web_console/middleware.rb:28:in `block in call'
web-console (4.1.0) lib/web_console/middleware.rb:17:in `catch'
web-console (4.1.0) lib/web_console/middleware.rb:17:in `call'
actionpack (6.0.4) lib/action_dispatch/middleware/show_exceptions.rb:33:in `call'
railties (6.0.4) lib/rails/rack/logger.rb:37:in `call_app'
railties (6.0.4) lib/rails/rack/logger.rb:26:in `block in call'
activesupport (6.0.4) lib/active_support/tagged_logging.rb:80:in `block in tagged'
activesupport (6.0.4) lib/active_support/tagged_logging.rb:28:in `tagged'
activesupport (6.0.4) lib/active_support/tagged_logging.rb:80:in `tagged'
railties (6.0.4) lib/rails/rack/logger.rb:26:in `call'
sprockets-rails (3.2.2) lib/sprockets/rails/quiet_assets.rb:13:in `call'
actionpack (6.0.4) lib/action_dispatch/middleware/remote_ip.rb:81:in `call'
actionpack (6.0.4) lib/action_dispatch/middleware/request_id.rb:27:in `call'
rack (2.2.3) lib/rack/method_override.rb:24:in `call'
rack (2.2.3) lib/rack/runtime.rb:22:in `call'
activesupport (6.0.4) lib/active_support/cache/strategy/local_cache_middleware.rb:29:in `call'
actionpack (6.0.4) lib/action_dispatch/middleware/executor.rb:14:in `call'
actionpack (6.0.4) lib/action_dispatch/middleware/static.rb:126:in `call'
rack (2.2.3) lib/rack/sendfile.rb:110:in `call'
actionpack (6.0.4) lib/action_dispatch/middleware/host_authorization.rb:82:in `call'
webpacker (4.3.0) lib/webpacker/dev_server_proxy.rb:23:in `perform_request'
rack-proxy (0.7.0) lib/rack/proxy.rb:63:in `call'
railties (6.0.4) lib/rails/engine.rb:527:in `call'
puma (3.12.6) lib/puma/configuration.rb:227:in `call'
puma (3.12.6) lib/puma/server.rb:706:in `handle_request'
puma (3.12.6) lib/puma/server.rb:476:in `process_client'
puma (3.12.6) lib/puma/server.rb:334:in `block in run'
puma (3.12.6) lib/puma/thread_pool.rb:135:in `block in spawn_thread'
Started GET "/posts" for ::1 at 2021-08-12 19:38:32 +0900
  
ActionController::RoutingError (uninitialized constant PostsController):
  
actionpack (6.0.4) lib/action_dispatch/http/request.rb:92:in `rescue in controller_class_for'
actionpack (6.0.4) lib/action_dispatch/http/request.rb:88:in `controller_class_for'
actionpack (6.0.4) lib/action_dispatch/http/request.rb:81:in `controller_class'
actionpack (6.0.4) lib/action_dispatch/routing/route_set.rb:44:in `controller'
actionpack (6.0.4) lib/action_dispatch/routing/route_set.rb:31:in `serve'
actionpack (6.0.4) lib/action_dispatch/journey/router.rb:49:in `block in serve'
actionpack (6.0.4) lib/action_dispatch/journey/router.rb:32:in `each'
actionpack (6.0.4) lib/action_dispatch/journey/router.rb:32:in `serve'
actionpack (6.0.4) lib/action_dispatch/routing/route_set.rb:834:in `call'
rack (2.2.3) lib/rack/tempfile_reaper.rb:15:in `call'
rack (2.2.3) lib/rack/etag.rb:27:in `call'
rack (2.2.3) lib/rack/conditional_get.rb:27:in `call'
rack (2.2.3) lib/rack/head.rb:12:in `call'
actionpack (6.0.4) lib/action_dispatch/http/content_security_policy.rb:18:in `call'
rack (2.2.3) lib/rack/session/abstract/id.rb:266:in `context'
rack (2.2.3) lib/rack/session/abstract/id.rb:260:in `call'
actionpack (6.0.4) lib/action_dispatch/middleware/cookies.rb:654:in `call'
activerecord (6.0.4) lib/active_record/migration.rb:567:in `call'
actionpack (6.0.4) lib/action_dispatch/middleware/callbacks.rb:27:in `block in call'
activesupport (6.0.4) lib/active_support/callbacks.rb:101:in `run_callbacks'
actionpack (6.0.4) lib/action_dispatch/middleware/callbacks.rb:26:in `call'
actionpack (6.0.4) lib/action_dispatch/middleware/executor.rb:14:in `call'
actionpack (6.0.4) lib/action_dispatch/middleware/actionable_exceptions.rb:18:in `call'
actionpack (6.0.4) lib/action_dispatch/middleware/debug_exceptions.rb:32:in `call'
web-console (4.1.0) lib/web_console/middleware.rb:132:in `call_app'
web-console (4.1.0) lib/web_console/middleware.rb:28:in `block in call'
web-console (4.1.0) lib/web_console/middleware.rb:17:in `catch'
web-console (4.1.0) lib/web_console/middleware.rb:17:in `call'
actionpack (6.0.4) lib/action_dispatch/middleware/show_exceptions.rb:33:in `call'
railties (6.0.4) lib/rails/rack/logger.rb:37:in `call_app'
railties (6.0.4) lib/rails/rack/logger.rb:26:in `block in call'
activesupport (6.0.4) lib/active_support/tagged_logging.rb:80:in `block in tagged'
activesupport (6.0.4) lib/active_support/tagged_logging.rb:28:in `tagged'
activesupport (6.0.4) lib/active_support/tagged_logging.rb:80:in `tagged'
railties (6.0.4) lib/rails/rack/logger.rb:26:in `call'
sprockets-rails (3.2.2) lib/sprockets/rails/quiet_assets.rb:13:in `call'
actionpack (6.0.4) lib/action_dispatch/middleware/remote_ip.rb:81:in `call'
actionpack (6.0.4) lib/action_dispatch/middleware/request_id.rb:27:in `call'
rack (2.2.3) lib/rack/method_override.rb:24:in `call'
rack (2.2.3) lib/rack/runtime.rb:22:in `call'
activesupport (6.0.4) lib/active_support/cache/strategy/local_cache_middleware.rb:29:in `call'
actionpack (6.0.4) lib/action_dispatch/middleware/executor.rb:14:in `call'
actionpack (6.0.4) lib/action_dispatch/middleware/static.rb:126:in `call'
rack (2.2.3) lib/rack/sendfile.rb:110:in `call'
actionpack (6.0.4) lib/action_dispatch/middleware/host_authorization.rb:82:in `call'
webpacker (4.3.0) lib/webpacker/dev_server_proxy.rb:23:in `perform_request'
rack-proxy (0.7.0) lib/rack/proxy.rb:63:in `call'
railties (6.0.4) lib/rails/engine.rb:527:in `call'
puma (3.12.6) lib/puma/configuration.rb:227:in `call'
puma (3.12.6) lib/puma/server.rb:706:in `handle_request'
puma (3.12.6) lib/puma/server.rb:476:in `process_client'
puma (3.12.6) lib/puma/server.rb:334:in `block in run'
puma (3.12.6) lib/puma/thread_pool.rb:135:in `block in spawn_thread'
Started GET "/posts" for ::1 at 2021-08-12 19:40:35 +0900
  
ActionController::RoutingError (uninitialized constant PostsController):
  
actionpack (6.0.4) lib/action_dispatch/http/request.rb:92:in `rescue in controller_class_for'
actionpack (6.0.4) lib/action_dispatch/http/request.rb:88:in `controller_class_for'
actionpack (6.0.4) lib/action_dispatch/http/request.rb:81:in `controller_class'
actionpack (6.0.4) lib/action_dispatch/routing/route_set.rb:44:in `controller'
actionpack (6.0.4) lib/action_dispatch/routing/route_set.rb:31:in `serve'
actionpack (6.0.4) lib/action_dispatch/journey/router.rb:49:in `block in serve'
actionpack (6.0.4) lib/action_dispatch/journey/router.rb:32:in `each'
actionpack (6.0.4) lib/action_dispatch/journey/router.rb:32:in `serve'
actionpack (6.0.4) lib/action_dispatch/routing/route_set.rb:834:in `call'
rack (2.2.3) lib/rack/tempfile_reaper.rb:15:in `call'
rack (2.2.3) lib/rack/etag.rb:27:in `call'
rack (2.2.3) lib/rack/conditional_get.rb:27:in `call'
rack (2.2.3) lib/rack/head.rb:12:in `call'
actionpack (6.0.4) lib/action_dispatch/http/content_security_policy.rb:18:in `call'
rack (2.2.3) lib/rack/session/abstract/id.rb:266:in `context'
rack (2.2.3) lib/rack/session/abstract/id.rb:260:in `call'
actionpack (6.0.4) lib/action_dispatch/middleware/cookies.rb:654:in `call'
activerecord (6.0.4) lib/active_record/migration.rb:567:in `call'
actionpack (6.0.4) lib/action_dispatch/middleware/callbacks.rb:27:in `block in call'
activesupport (6.0.4) lib/active_support/callbacks.rb:101:in `run_callbacks'
actionpack (6.0.4) lib/action_dispatch/middleware/callbacks.rb:26:in `call'
actionpack (6.0.4) lib/action_dispatch/middleware/executor.rb:14:in `call'
actionpack (6.0.4) lib/action_dispatch/middleware/actionable_exceptions.rb:18:in `call'
actionpack (6.0.4) lib/action_dispatch/middleware/debug_exceptions.rb:32:in `call'
web-console (4.1.0) lib/web_console/middleware.rb:132:in `call_app'
web-console (4.1.0) lib/web_console/middleware.rb:28:in `block in call'
web-console (4.1.0) lib/web_console/middleware.rb:17:in `catch'
web-console (4.1.0) lib/web_console/middleware.rb:17:in `call'
actionpack (6.0.4) lib/action_dispatch/middleware/show_exceptions.rb:33:in `call'
railties (6.0.4) lib/rails/rack/logger.rb:37:in `call_app'
railties (6.0.4) lib/rails/rack/logger.rb:26:in `block in call'
activesupport (6.0.4) lib/active_support/tagged_logging.rb:80:in `block in tagged'
activesupport (6.0.4) lib/active_support/tagged_logging.rb:28:in `tagged'
activesupport (6.0.4) lib/active_support/tagged_logging.rb:80:in `tagged'
railties (6.0.4) lib/rails/rack/logger.rb:26:in `call'
sprockets-rails (3.2.2) lib/sprockets/rails/quiet_assets.rb:13:in `call'
actionpack (6.0.4) lib/action_dispatch/middleware/remote_ip.rb:81:in `call'
actionpack (6.0.4) lib/action_dispatch/middleware/request_id.rb:27:in `call'
rack (2.2.3) lib/rack/method_override.rb:24:in `call'
rack (2.2.3) lib/rack/runtime.rb:22:in `call'
activesupport (6.0.4) lib/active_support/cache/strategy/local_cache_middleware.rb:29:in `call'
actionpack (6.0.4) lib/action_dispatch/middleware/executor.rb:14:in `call'
actionpack (6.0.4) lib/action_dispatch/middleware/static.rb:126:in `call'
rack (2.2.3) lib/rack/sendfile.rb:110:in `call'
actionpack (6.0.4) lib/action_dispatch/middleware/host_authorization.rb:82:in `call'
webpacker (4.3.0) lib/webpacker/dev_server_proxy.rb:23:in `perform_request'
rack-proxy (0.7.0) lib/rack/proxy.rb:63:in `call'
railties (6.0.4) lib/rails/engine.rb:527:in `call'
puma (3.12.6) lib/puma/configuration.rb:227:in `call'
puma (3.12.6) lib/puma/server.rb:706:in `handle_request'
puma (3.12.6) lib/puma/server.rb:476:in `process_client'
puma (3.12.6) lib/puma/server.rb:334:in `block in run'
puma (3.12.6) lib/puma/thread_pool.rb:135:in `block in spawn_thread'
Started GET "/posts" for ::1 at 2021-08-12 19:41:02 +0900
  
ActionController::RoutingError (uninitialized constant PostsController):
  
actionpack (6.0.4) lib/action_dispatch/http/request.rb:92:in `rescue in controller_class_for'
actionpack (6.0.4) lib/action_dispatch/http/request.rb:88:in `controller_class_for'
actionpack (6.0.4) lib/action_dispatch/http/request.rb:81:in `controller_class'
actionpack (6.0.4) lib/action_dispatch/routing/route_set.rb:44:in `controller'
actionpack (6.0.4) lib/action_dispatch/routing/route_set.rb:31:in `serve'
actionpack (6.0.4) lib/action_dispatch/journey/router.rb:49:in `block in serve'
actionpack (6.0.4) lib/action_dispatch/journey/router.rb:32:in `each'
actionpack (6.0.4) lib/action_dispatch/journey/router.rb:32:in `serve'
actionpack (6.0.4) lib/action_dispatch/routing/route_set.rb:834:in `call'
rack (2.2.3) lib/rack/tempfile_reaper.rb:15:in `call'
rack (2.2.3) lib/rack/etag.rb:27:in `call'
rack (2.2.3) lib/rack/conditional_get.rb:27:in `call'
rack (2.2.3) lib/rack/head.rb:12:in `call'
actionpack (6.0.4) lib/action_dispatch/http/content_security_policy.rb:18:in `call'
rack (2.2.3) lib/rack/session/abstract/id.rb:266:in `context'
rack (2.2.3) lib/rack/session/abstract/id.rb:260:in `call'
actionpack (6.0.4) lib/action_dispatch/middleware/cookies.rb:654:in `call'
activerecord (6.0.4) lib/active_record/migration.rb:567:in `call'
actionpack (6.0.4) lib/action_dispatch/middleware/callbacks.rb:27:in `block in call'
activesupport (6.0.4) lib/active_support/callbacks.rb:101:in `run_callbacks'
actionpack (6.0.4) lib/action_dispatch/middleware/callbacks.rb:26:in `call'
actionpack (6.0.4) lib/action_dispatch/middleware/executor.rb:14:in `call'
actionpack (6.0.4) lib/action_dispatch/middleware/actionable_exceptions.rb:18:in `call'
actionpack (6.0.4) lib/action_dispatch/middleware/debug_exceptions.rb:32:in `call'
web-console (4.1.0) lib/web_console/middleware.rb:132:in `call_app'
web-console (4.1.0) lib/web_console/middleware.rb:28:in `block in call'
web-console (4.1.0) lib/web_console/middleware.rb:17:in `catch'
web-console (4.1.0) lib/web_console/middleware.rb:17:in `call'
actionpack (6.0.4) lib/action_dispatch/middleware/show_exceptions.rb:33:in `call'
railties (6.0.4) lib/rails/rack/logger.rb:37:in `call_app'
railties (6.0.4) lib/rails/rack/logger.rb:26:in `block in call'
activesupport (6.0.4) lib/active_support/tagged_logging.rb:80:in `block in tagged'
activesupport (6.0.4) lib/active_support/tagged_logging.rb:28:in `tagged'
activesupport (6.0.4) lib/active_support/tagged_logging.rb:80:in `tagged'
railties (6.0.4) lib/rails/rack/logger.rb:26:in `call'
sprockets-rails (3.2.2) lib/sprockets/rails/quiet_assets.rb:13:in `call'
actionpack (6.0.4) lib/action_dispatch/middleware/remote_ip.rb:81:in `call'
actionpack (6.0.4) lib/action_dispatch/middleware/request_id.rb:27:in `call'
rack (2.2.3) lib/rack/method_override.rb:24:in `call'
rack (2.2.3) lib/rack/runtime.rb:22:in `call'
activesupport (6.0.4) lib/active_support/cache/strategy/local_cache_middleware.rb:29:in `call'
actionpack (6.0.4) lib/action_dispatch/middleware/executor.rb:14:in `call'
actionpack (6.0.4) lib/action_dispatch/middleware/static.rb:126:in `call'
rack (2.2.3) lib/rack/sendfile.rb:110:in `call'
actionpack (6.0.4) lib/action_dispatch/middleware/host_authorization.rb:82:in `call'
webpacker (4.3.0) lib/webpacker/dev_server_proxy.rb:23:in `perform_request'
rack-proxy (0.7.0) lib/rack/proxy.rb:63:in `call'
railties (6.0.4) lib/rails/engine.rb:527:in `call'
puma (3.12.6) lib/puma/configuration.rb:227:in `call'
puma (3.12.6) lib/puma/server.rb:706:in `handle_request'
puma (3.12.6) lib/puma/server.rb:476:in `process_client'
puma (3.12.6) lib/puma/server.rb:334:in `block in run'
puma (3.12.6) lib/puma/thread_pool.rb:135:in `block in spawn_thread'
  [1m[35m (0.2ms)[0m  [1m[34mSELECT @@innodb_file_per_table = 1 AND @@innodb_file_format = 'Barracuda'[0m
  [1m[35m (35.7ms)[0m  [1m[35mCREATE TABLE `schema_migrations` (`version` varchar(255) COLLATE utf8_general_ci NOT NULL PRIMARY KEY)[0m
  [1m[35m (23.9ms)[0m  [1m[35mCREATE TABLE `ar_internal_metadata` (`key` varchar(255) COLLATE utf8_general_ci NOT NULL PRIMARY KEY, `value` varchar(255), `created_at` datetime(6) NOT NULL, `updated_at` datetime(6) NOT NULL)[0m
  [1m[35m (0.3ms)[0m  [1m[34mSELECT GET_LOCK('1785429997132287975', 0)[0m
  [1m[35m (0.6ms)[0m  [1m[34mSELECT `schema_migrations`.`version` FROM `schema_migrations` ORDER BY `schema_migrations`.`version` ASC[0m
Migrating to CreatePosts (20210812141637)
  [1m[35m (31.0ms)[0m  [1m[35mCREATE TABLE `posts` (`id` bigint NOT NULL AUTO_INCREMENT PRIMARY KEY, `memo` text, `created_at` datetime(6) NOT NULL, `updated_at` datetime(6) NOT NULL)[0m
  [1m[35m (0.1ms)[0m  [1m[35mBEGIN[0m
  [1m[36mActiveRecord::SchemaMigration Create (0.2ms)[0m  [1m[32mINSERT INTO `schema_migrations` (`version`) VALUES ('20210812141637')[0m
  [1m[35m (0.5ms)[0m  [1m[35mCOMMIT[0m
  [1m[36mActiveRecord::InternalMetadata Load (0.3ms)[0m  [1m[34mSELECT `ar_internal_metadata`.* FROM `ar_internal_metadata` WHERE `ar_internal_metadata`.`key` = 'environment' LIMIT 1[0m
  [1m[35m (0.1ms)[0m  [1m[35mBEGIN[0m
  [1m[36mActiveRecord::InternalMetadata Create (0.3ms)[0m  [1m[32mINSERT INTO `ar_internal_metadata` (`key`, `value`, `created_at`, `updated_at`) VALUES ('environment', 'development', '2021-08-12 14:23:25.726094', '2021-08-12 14:23:25.726094')[0m
  [1m[35m (0.5ms)[0m  [1m[35mCOMMIT[0m
  [1m[35m (0.2ms)[0m  [1m[34mSELECT RELEASE_LOCK('1785429997132287975')[0m
  [1m[35m (4.0ms)[0m  [1m[34mSELECT `schema_migrations`.`version` FROM `schema_migrations` ORDER BY `schema_migrations`.`version` ASC[0m
  [1m[35m (0.2ms)[0m  [1m[34mSELECT `schema_migrations`.`version` FROM `schema_migrations` ORDER BY `schema_migrations`.`version` ASC[0m
  [1m[35m (0.3ms)[0m  [1m[34mSELECT `schema_migrations`.`version` FROM `schema_migrations` ORDER BY `schema_migrations`.`version` ASC[0m
  [1m[35m (0.1ms)[0m  [1m[34mSELECT `schema_migrations`.`version` FROM `schema_migrations` ORDER BY `schema_migrations`.`version` ASC[0m
  [1m[35m (0.1ms)[0m  [1m[34mSELECT `schema_migrations`.`version` FROM `schema_migrations` ORDER BY `schema_migrations`.`version` ASC[0m
  [1m[35m (0.2ms)[0m  [1m[34mSELECT GET_LOCK('1785429997132287975', 0)[0m
  [1m[35m (0.2ms)[0m  [1m[34mSELECT `schema_migrations`.`version` FROM `schema_migrations` ORDER BY `schema_migrations`.`version` ASC[0m
Migrating to CreatePosts (20210812141637)
  [1m[35m (3.3ms)[0m  [1m[35mDROP TABLE `posts`[0m
  [1m[36mActiveRecord::SchemaMigration Destroy (1.0ms)[0m  [1m[31mDELETE FROM `schema_migrations` WHERE `schema_migrations`.`version` = '20210812141637'[0m
  [1m[35m (0.2ms)[0m  [1m[34mSELECT RELEASE_LOCK('1785429997132287975')[0m
  [1m[35m (0.1ms)[0m  [1m[34mSELECT `schema_migrations`.`version` FROM `schema_migrations` ORDER BY `schema_migrations`.`version` ASC[0m
  [1m[35m (0.4ms)[0m  [1m[34mSELECT `schema_migrations`.`version` FROM `schema_migrations` ORDER BY `schema_migrations`.`version` ASC[0m
  [1m[35m (0.1ms)[0m  [1m[34mSELECT GET_LOCK('1785429997132287975', 0)[0m
  [1m[35m (0.2ms)[0m  [1m[34mSELECT `schema_migrations`.`version` FROM `schema_migrations` ORDER BY `schema_migrations`.`version` ASC[0m
Migrating to CreatePosts (20210812141637)
  [1m[35m (0.1ms)[0m  [1m[34mSELECT @@innodb_file_per_table = 1 AND @@innodb_file_format = 'Barracuda'[0m
  [1m[35m (23.1ms)[0m  [1m[35mCREATE TABLE `posts` (`id` bigint NOT NULL AUTO_INCREMENT PRIMARY KEY, `content` text, `created_at` datetime(6) NOT NULL, `updated_at` datetime(6) NOT NULL)[0m
  [1m[35m (0.1ms)[0m  [1m[35mBEGIN[0m
  [1m[36mActiveRecord::SchemaMigration Create (0.3ms)[0m  [1m[32mINSERT INTO `schema_migrations` (`version`) VALUES ('20210812141637')[0m
  [1m[35m (0.3ms)[0m  [1m[35mCOMMIT[0m
  [1m[36mActiveRecord::InternalMetadata Load (0.4ms)[0m  [1m[34mSELECT `ar_internal_metadata`.* FROM `ar_internal_metadata` WHERE `ar_internal_metadata`.`key` = 'environment' LIMIT 1[0m
  [1m[35m (0.2ms)[0m  [1m[34mSELECT RELEASE_LOCK('1785429997132287975')[0m
  [1m[35m (0.2ms)[0m  [1m[34mSELECT `schema_migrations`.`version` FROM `schema_migrations` ORDER BY `schema_migrations`.`version` ASC[0m
  [1m[35m (0.2ms)[0m  [1m[35mBEGIN[0m
  [1m[36mPost Create (0.3ms)[0m  [1m[32mINSERT INTO `posts` (`content`, `created_at`, `updated_at`) VALUES ('こんにちは!', '2021-08-12 21:40:18.942907', '2021-08-12 21:40:18.942907')[0m
  [1m[35m (0.3ms)[0m  [1m[35mCOMMIT[0m
  [1m[35m (0.3ms)[0m  [1m[35mBEGIN[0m
  [1m[36mPost Create (0.4ms)[0m  [1m[32mINSERT INTO `posts` (`content`, `created_at`, `updated_at`) VALUES ('こんにちは!', '2021-08-12 21:46:17.055575', '2021-08-12 21:46:17.055575')[0m
  [1m[35m (0.3ms)[0m  [1m[35mCOMMIT[0m
  [1m[36mPost Load (0.3ms)[0m  [1m[34mSELECT `posts`.* FROM `posts` LIMIT 11[0m
  [1m[36mPost Load (0.4ms)[0m  [1m[34mSELECT `posts`.* FROM `posts` WHERE `posts`.`id` = 1 LIMIT 1[0m
  [1m[36mPost Load (0.6ms)[0m  [1m[34mSELECT `posts`.* FROM `posts` WHERE `posts`.`id` = 1 LIMIT 1[0m
  [1m[36mPost Load (0.4ms)[0m  [1m[34mSELECT `posts`.* FROM `posts` WHERE `posts`.`id` = 2 LIMIT 1[0m
  [1m[36mPost Load (0.6ms)[0m  [1m[34mSELECT `posts`.* FROM `posts` WHERE `posts`.`id` = 2 LIMIT 1[0m
  [1m[36mPost Load (0.4ms)[0m  [1m[34mSELECT `posts`.* FROM `posts` LIMIT 11[0m
Started GET "/posts/new" for ::1 at 2021-08-13 11:34:41 +0900
  [1m[35m (3.3ms)[0m  [1m[34mSELECT `schema_migrations`.`version` FROM `schema_migrations` ORDER BY `schema_migrations`.`version` ASC[0m
  
ActionController::RoutingError (No route matches [GET] "/posts/new"):
  
actionpack (6.0.4) lib/action_dispatch/middleware/debug_exceptions.rb:36:in `call'
web-console (4.1.0) lib/web_console/middleware.rb:132:in `call_app'
web-console (4.1.0) lib/web_console/middleware.rb:28:in `block in call'
web-console (4.1.0) lib/web_console/middleware.rb:17:in `catch'
web-console (4.1.0) lib/web_console/middleware.rb:17:in `call'
actionpack (6.0.4) lib/action_dispatch/middleware/show_exceptions.rb:33:in `call'
railties (6.0.4) lib/rails/rack/logger.rb:37:in `call_app'
railties (6.0.4) lib/rails/rack/logger.rb:26:in `block in call'
activesupport (6.0.4) lib/active_support/tagged_logging.rb:80:in `block in tagged'
activesupport (6.0.4) lib/active_support/tagged_logging.rb:28:in `tagged'
activesupport (6.0.4) lib/active_support/tagged_logging.rb:80:in `tagged'
railties (6.0.4) lib/rails/rack/logger.rb:26:in `call'
sprockets-rails (3.2.2) lib/sprockets/rails/quiet_assets.rb:13:in `call'
actionpack (6.0.4) lib/action_dispatch/middleware/remote_ip.rb:81:in `call'
actionpack (6.0.4) lib/action_dispatch/middleware/request_id.rb:27:in `call'
rack (2.2.3) lib/rack/method_override.rb:24:in `call'
rack (2.2.3) lib/rack/runtime.rb:22:in `call'
activesupport (6.0.4) lib/active_support/cache/strategy/local_cache_middleware.rb:29:in `call'
actionpack (6.0.4) lib/action_dispatch/middleware/executor.rb:14:in `call'
actionpack (6.0.4) lib/action_dispatch/middleware/static.rb:126:in `call'
rack (2.2.3) lib/rack/sendfile.rb:110:in `call'
actionpack (6.0.4) lib/action_dispatch/middleware/host_authorization.rb:82:in `call'
webpacker (4.3.0) lib/webpacker/dev_server_proxy.rb:23:in `perform_request'
rack-proxy (0.7.0) lib/rack/proxy.rb:63:in `call'
railties (6.0.4) lib/rails/engine.rb:527:in `call'
puma (3.12.6) lib/puma/configuration.rb:227:in `call'
puma (3.12.6) lib/puma/server.rb:706:in `handle_request'
puma (3.12.6) lib/puma/server.rb:476:in `process_client'
puma (3.12.6) lib/puma/server.rb:334:in `block in run'
puma (3.12.6) lib/puma/thread_pool.rb:135:in `block in spawn_thread'
Started GET "/posts" for ::1 at 2021-08-13 12:21:34 +0900
  [1m[35m (0.3ms)[0m  [1m[34mSELECT `schema_migrations`.`version` FROM `schema_migrations` ORDER BY `schema_migrations`.`version` ASC[0m
Processing by PostsController#index as HTML
  Rendering posts/index.html.erb within layouts/application
  [1m[36mPost Load (0.6ms)[0m  [1m[34mSELECT `posts`.* FROM `posts`[0m
  ↳ app/views/posts/index.html.erb:2
  Rendered posts/index.html.erb within layouts/application (Duration: 9.5ms | Allocations: 4009)
[Webpacker] Compiling...
[Webpacker] Compilation failed:
yarn run v1.22.11
info Visit https://yarnpkg.com/en/docs/cli/run for documentation about this command.


error Command "webpack" not found.

Completed 500 Internal Server Error in 1017ms (ActiveRecord: 3.9ms | Allocations: 316368)


  
ActionView::Template::Error (Webpacker can't find application in /Users/genki/projects/first_app/public/packs/manifest.json. Possible causes:
1. You want to set webpacker.yml value of compile to true for your environment
   unless you are using the `webpack -w` or the webpack-dev-server.
2. webpack has not yet re-run to reflect updates.
3. You have misconfigured Webpacker's config/webpacker.yml file.
4. Your webpack configuration is not creating a manifest.
Your manifest contains:
{
}
):
     6:     <%= csp_meta_tag %>
     7: 
     8:     <%= stylesheet_link_tag 'application', media: 'all', 'data-turbolinks-track': 'reload' %>
     9:     <%= javascript_pack_tag 'application', 'data-turbolinks-track': 'reload' %>
    10:   </head>
    11: 
    12:   <body>
  
app/views/layouts/application.html.erb:9
Started GET "/posts/new" for ::1 at 2021-08-13 12:21:42 +0900
Processing by PostsController#new as HTML
Completed 406 Not Acceptable in 7ms (ActiveRecord: 0.0ms | Allocations: 1861)


  
ActionController::MissingExactTemplate (PostsController#new is missing a template for request formats: text/html):
  
actionpack (6.0.4) lib/action_controller/metal/implicit_render.rb:45:in `default_render'
actionpack (6.0.4) lib/action_controller/metal/basic_implicit_render.rb:6:in `block in send_action'
actionpack (6.0.4) lib/action_controller/metal/basic_implicit_render.rb:6:in `tap'
actionpack (6.0.4) lib/action_controller/metal/basic_implicit_render.rb:6:in `send_action'
actionpack (6.0.4) lib/abstract_controller/base.rb:195:in `process_action'
actionpack (6.0.4) lib/action_controller/metal/rendering.rb:30:in `process_action'
actionpack (6.0.4) lib/abstract_controller/callbacks.rb:42:in `block in process_action'
activesupport (6.0.4) lib/active_support/callbacks.rb:135:in `run_callbacks'
actionpack (6.0.4) lib/abstract_controller/callbacks.rb:41:in `process_action'
actionpack (6.0.4) lib/action_controller/metal/rescue.rb:22:in `process_action'
actionpack (6.0.4) lib/action_controller/metal/instrumentation.rb:33:in `block in process_action'
activesupport (6.0.4) lib/active_support/notifications.rb:180:in `block in instrument'
activesupport (6.0.4) lib/active_support/notifications/instrumenter.rb:24:in `instrument'
activesupport (6.0.4) lib/active_support/notifications.rb:180:in `instrument'
actionpack (6.0.4) lib/action_controller/metal/instrumentation.rb:32:in `process_action'
actionpack (6.0.4) lib/action_controller/metal/params_wrapper.rb:245:in `process_action'
activerecord (6.0.4) lib/active_record/railties/controller_runtime.rb:27:in `process_action'
actionpack (6.0.4) lib/abstract_controller/base.rb:136:in `process'
actionview (6.0.4) lib/action_view/rendering.rb:39:in `process'
actionpack (6.0.4) lib/action_controller/metal.rb:190:in `dispatch'
actionpack (6.0.4) lib/action_controller/metal.rb:254:in `dispatch'
actionpack (6.0.4) lib/action_dispatch/routing/route_set.rb:50:in `dispatch'
actionpack (6.0.4) lib/action_dispatch/routing/route_set.rb:33:in `serve'
actionpack (6.0.4) lib/action_dispatch/journey/router.rb:49:in `block in serve'
actionpack (6.0.4) lib/action_dispatch/journey/router.rb:32:in `each'
actionpack (6.0.4) lib/action_dispatch/journey/router.rb:32:in `serve'
actionpack (6.0.4) lib/action_dispatch/routing/route_set.rb:834:in `call'
rack (2.2.3) lib/rack/tempfile_reaper.rb:15:in `call'
rack (2.2.3) lib/rack/etag.rb:27:in `call'
rack (2.2.3) lib/rack/conditional_get.rb:27:in `call'
rack (2.2.3) lib/rack/head.rb:12:in `call'
actionpack (6.0.4) lib/action_dispatch/http/content_security_policy.rb:18:in `call'
rack (2.2.3) lib/rack/session/abstract/id.rb:266:in `context'
rack (2.2.3) lib/rack/session/abstract/id.rb:260:in `call'
actionpack (6.0.4) lib/action_dispatch/middleware/cookies.rb:654:in `call'
activerecord (6.0.4) lib/active_record/migration.rb:567:in `call'
actionpack (6.0.4) lib/action_dispatch/middleware/callbacks.rb:27:in `block in call'
activesupport (6.0.4) lib/active_support/callbacks.rb:101:in `run_callbacks'
actionpack (6.0.4) lib/action_dispatch/middleware/callbacks.rb:26:in `call'
actionpack (6.0.4) lib/action_dispatch/middleware/executor.rb:14:in `call'
actionpack (6.0.4) lib/action_dispatch/middleware/actionable_exceptions.rb:18:in `call'
actionpack (6.0.4) lib/action_dispatch/middleware/debug_exceptions.rb:32:in `call'
web-console (4.1.0) lib/web_console/middleware.rb:132:in `call_app'
web-console (4.1.0) lib/web_console/middleware.rb:28:in `block in call'
web-console (4.1.0) lib/web_console/middleware.rb:17:in `catch'
web-console (4.1.0) lib/web_console/middleware.rb:17:in `call'
actionpack (6.0.4) lib/action_dispatch/middleware/show_exceptions.rb:33:in `call'
railties (6.0.4) lib/rails/rack/logger.rb:37:in `call_app'
railties (6.0.4) lib/rails/rack/logger.rb:26:in `block in call'
activesupport (6.0.4) lib/active_support/tagged_logging.rb:80:in `block in tagged'
activesupport (6.0.4) lib/active_support/tagged_logging.rb:28:in `tagged'
activesupport (6.0.4) lib/active_support/tagged_logging.rb:80:in `tagged'
railties (6.0.4) lib/rails/rack/logger.rb:26:in `call'
sprockets-rails (3.2.2) lib/sprockets/rails/quiet_assets.rb:13:in `call'
actionpack (6.0.4) lib/action_dispatch/middleware/remote_ip.rb:81:in `call'
actionpack (6.0.4) lib/action_dispatch/middleware/request_id.rb:27:in `call'
rack (2.2.3) lib/rack/method_override.rb:24:in `call'
rack (2.2.3) lib/rack/runtime.rb:22:in `call'
activesupport (6.0.4) lib/active_support/cache/strategy/local_cache_middleware.rb:29:in `call'
actionpack (6.0.4) lib/action_dispatch/middleware/executor.rb:14:in `call'
actionpack (6.0.4) lib/action_dispatch/middleware/static.rb:126:in `call'
rack (2.2.3) lib/rack/sendfile.rb:110:in `call'
actionpack (6.0.4) lib/action_dispatch/middleware/host_authorization.rb:82:in `call'
webpacker (4.3.0) lib/webpacker/dev_server_proxy.rb:23:in `perform_request'
rack-proxy (0.7.0) lib/rack/proxy.rb:63:in `call'
railties (6.0.4) lib/rails/engine.rb:527:in `call'
puma (3.12.6) lib/puma/configuration.rb:227:in `call'
puma (3.12.6) lib/puma/server.rb:706:in `handle_request'
puma (3.12.6) lib/puma/server.rb:476:in `process_client'
puma (3.12.6) lib/puma/server.rb:334:in `block in run'
puma (3.12.6) lib/puma/thread_pool.rb:135:in `block in spawn_thread'
Started GET "/posts/new" for ::1 at 2021-08-13 12:23:45 +0900
Processing by PostsController#new as HTML
  Rendering posts/new.html.erb within layouts/application
  Rendered posts/new.html.erb within layouts/application (Duration: 0.4ms | Allocations: 88)
[Webpacker] Compiling...
[Webpacker] Compilation failed:
yarn run v1.22.11
info Visit https://yarnpkg.com/en/docs/cli/run for documentation about this command.


error Command "webpack" not found.

Completed 500 Internal Server Error in 878ms (ActiveRecord: 0.0ms | Allocations: 15852)


  
ActionView::Template::Error (Webpacker can't find application in /Users/genki/projects/first_app/public/packs/manifest.json. Possible causes:
1. You want to set webpacker.yml value of compile to true for your environment
   unless you are using the `webpack -w` or the webpack-dev-server.
2. webpack has not yet re-run to reflect updates.
3. You have misconfigured Webpacker's config/webpacker.yml file.
4. Your webpack configuration is not creating a manifest.
Your manifest contains:
{
}
):
     6:     <%= csp_meta_tag %>
     7: 
     8:     <%= stylesheet_link_tag 'application', media: 'all', 'data-turbolinks-track': 'reload' %>
     9:     <%= javascript_pack_tag 'application', 'data-turbolinks-track': 'reload' %>
    10:   </head>
    11: 
    12:   <body>
  
app/views/layouts/application.html.erb:9
Started GET "/posts/new" for ::1 at 2021-08-13 12:24:41 +0900
  [1m[35m (0.3ms)[0m  [1m[34mSELECT `schema_migrations`.`version` FROM `schema_migrations` ORDER BY `schema_migrations`.`version` ASC[0m
Processing by PostsController#new as HTML
  Rendering posts/new.html.erb within layouts/application
  Rendered posts/new.html.erb within layouts/application (Duration: 0.4ms | Allocations: 204)
[Webpacker] Compiling...
[Webpacker] Compilation failed:
yarn run v1.22.11
info Visit https://yarnpkg.com/en/docs/cli/run for documentation about this command.


error Command "webpack" not found.

Completed 500 Internal Server Error in 988ms (ActiveRecord: 0.0ms | Allocations: 305531)


  
ActionView::Template::Error (Webpacker can't find application in /Users/genki/projects/first_app/public/packs/manifest.json. Possible causes:
1. You want to set webpacker.yml value of compile to true for your environment
   unless you are using the `webpack -w` or the webpack-dev-server.
2. webpack has not yet re-run to reflect updates.
3. You have misconfigured Webpacker's config/webpacker.yml file.
4. Your webpack configuration is not creating a manifest.
Your manifest contains:
{
}
):
     6:     <%= csp_meta_tag %>
     7: 
     8:     <%= stylesheet_link_tag 'application', media: 'all', 'data-turbolinks-track': 'reload' %>
     9:     <%= javascript_pack_tag 'application', 'data-turbolinks-track': 'reload' %>
    10:   </head>
    11: 
    12:   <body>
  
app/views/layouts/application.html.erb:9
Started GET "/posts/new" for ::1 at 2021-08-13 12:24:44 +0900
Processing by PostsController#new as HTML
  Rendering posts/new.html.erb within layouts/application
  Rendered posts/new.html.erb within layouts/application (Duration: 0.1ms | Allocations: 5)
[Webpacker] Compiling...
[Webpacker] Compilation failed:
yarn run v1.22.11
info Visit https://yarnpkg.com/en/docs/cli/run for documentation about this command.


error Command "webpack" not found.

Completed 500 Internal Server Error in 878ms (ActiveRecord: 0.0ms | Allocations: 14832)


  
ActionView::Template::Error (Webpacker can't find application in /Users/genki/projects/first_app/public/packs/manifest.json. Possible causes:
1. You want to set webpacker.yml value of compile to true for your environment
   unless you are using the `webpack -w` or the webpack-dev-server.
2. webpack has not yet re-run to reflect updates.
3. You have misconfigured Webpacker's config/webpacker.yml file.
4. Your webpack configuration is not creating a manifest.
Your manifest contains:
{
}
):
     6:     <%= csp_meta_tag %>
     7: 
     8:     <%= stylesheet_link_tag 'application', media: 'all', 'data-turbolinks-track': 'reload' %>
     9:     <%= javascript_pack_tag 'application', 'data-turbolinks-track': 'reload' %>
    10:   </head>
    11: 
    12:   <body>
  
app/views/layouts/application.html.erb:9
Started GET "/posts/new" for ::1 at 2021-08-13 12:27:10 +0900
  [1m[35m (0.3ms)[0m  [1m[34mSELECT `schema_migrations`.`version` FROM `schema_migrations` ORDER BY `schema_migrations`.`version` ASC[0m
Processing by PostsController#new as HTML
  Rendering posts/new.html.erb within layouts/application
  Rendered posts/new.html.erb within layouts/application (Duration: 0.6ms | Allocations: 204)
[Webpacker] Compiling...
[Webpacker] Compiled all packs in /Users/genki/projects/first_app/public/packs
[Webpacker] Though the "loose" option was set to "false" in your @babel/preset-env config, it will not be used for @babel/plugin-proposal-private-property-in-object since the "loose" mode option was set to "true" for @babel/plugin-proposal-class-properties.
The "loose" option must be the same for @babel/plugin-proposal-class-properties, @babel/plugin-proposal-private-methods and @babel/plugin-proposal-private-property-in-object (when they are enabled): you can silence this warning by explicitly adding
	["@babel/plugin-proposal-private-property-in-object", { "loose": true }]
to the "plugins" section of your Babel config.
Though the "loose" option was set to "false" in your @babel/preset-env config, it will not be used for @babel/plugin-proposal-private-methods since the "loose" mode option was set to "true" for @babel/plugin-proposal-private-property-in-object.
The "loose" option must be the same for @babel/plugin-proposal-class-properties, @babel/plugin-proposal-private-methods and @babel/plugin-proposal-private-property-in-object (when they are enabled): you can silence this warning by explicitly adding
	["@babel/plugin-proposal-private-methods", { "loose": true }]
to the "plugins" section of your Babel config.
Though the "loose" option was set to "false" in your @babel/preset-env config, it will not be used for @babel/plugin-proposal-private-property-in-object since the "loose" mode option was set to "true" for @babel/plugin-proposal-class-properties.
The "loose" option must be the same for @babel/plugin-proposal-class-properties, @babel/plugin-proposal-private-methods and @babel/plugin-proposal-private-property-in-object (when they are enabled): you can silence this warning by explicitly adding
	["@babel/plugin-proposal-private-property-in-object", { "loose": true }]
to the "plugins" section of your Babel config.
Though the "loose" option was set to "false" in your @babel/preset-env config, it will not be used for @babel/plugin-proposal-private-methods since the "loose" mode option was set to "true" for @babel/plugin-proposal-private-property-in-object.
The "loose" option must be the same for @babel/plugin-proposal-class-properties, @babel/plugin-proposal-private-methods and @babel/plugin-proposal-private-property-in-object (when they are enabled): you can silence this warning by explicitly adding
	["@babel/plugin-proposal-private-methods", { "loose": true }]
to the "plugins" section of your Babel config.
Though the "loose" option was set to "false" in your @babel/preset-env config, it will not be used for @babel/plugin-proposal-private-property-in-object since the "loose" mode option was set to "true" for @babel/plugin-proposal-class-properties.
The "loose" option must be the same for @babel/plugin-proposal-class-properties, @babel/plugin-proposal-private-methods and @babel/plugin-proposal-private-property-in-object (when they are enabled): you can silence this warning by explicitly adding
	["@babel/plugin-proposal-private-property-in-object", { "loose": true }]
to the "plugins" section of your Babel config.
Though the "loose" option was set to "false" in your @babel/preset-env config, it will not be used for @babel/plugin-proposal-private-methods since the "loose" mode option was set to "true" for @babel/plugin-proposal-private-property-in-object.
The "loose" option must be the same for @babel/plugin-proposal-class-properties, @babel/plugin-proposal-private-methods and @babel/plugin-proposal-private-property-in-object (when they are enabled): you can silence this warning by explicitly adding
	["@babel/plugin-proposal-private-methods", { "loose": true }]
to the "plugins" section of your Babel config.
Though the "loose" option was set to "false" in your @babel/preset-env config, it will not be used for @babel/plugin-proposal-private-property-in-object since the "loose" mode option was set to "true" for @babel/plugin-proposal-class-properties.
The "loose" option must be the same for @babel/plugin-proposal-class-properties, @babel/plugin-proposal-private-methods and @babel/plugin-proposal-private-property-in-object (when they are enabled): you can silence this warning by explicitly adding
	["@babel/plugin-proposal-private-property-in-object", { "loose": true }]
to the "plugins" section of your Babel config.
Though the "loose" option was set to "false" in your @babel/preset-env config, it will not be used for @babel/plugin-proposal-private-methods since the "loose" mode option was set to "true" for @babel/plugin-proposal-private-property-in-object.
The "loose" option must be the same for @babel/plugin-proposal-class-properties, @babel/plugin-proposal-private-methods and @babel/plugin-proposal-private-property-in-object (when they are enabled): you can silence this warning by explicitly adding
	["@babel/plugin-proposal-private-methods", { "loose": true }]
to the "plugins" section of your Babel config.
Though the "loose" option was set to "false" in your @babel/preset-env config, it will not be used for @babel/plugin-proposal-private-property-in-object since the "loose" mode option was set to "true" for @babel/plugin-proposal-class-properties.
The "loose" option must be the same for @babel/plugin-proposal-class-properties, @babel/plugin-proposal-private-methods and @babel/plugin-proposal-private-property-in-object (when they are enabled): you can silence this warning by explicitly adding
	["@babel/plugin-proposal-private-property-in-object", { "loose": true }]
to the "plugins" section of your Babel config.
Though the "loose" option was set to "false" in your @babel/preset-env config, it will not be used for @babel/plugin-proposal-private-methods since the "loose" mode option was set to "true" for @babel/plugin-proposal-private-property-in-object.
The "loose" option must be the same for @babel/plugin-proposal-class-properties, @babel/plugin-proposal-private-methods and @babel/plugin-proposal-private-property-in-object (when they are enabled): you can silence this warning by explicitly adding
	["@babel/plugin-proposal-private-methods", { "loose": true }]
to the "plugins" section of your Babel config.
Though the "loose" option was set to "false" in your @babel/preset-env config, it will not be used for @babel/plugin-proposal-private-property-in-object since the "loose" mode option was set to "true" for @babel/plugin-proposal-class-properties.
The "loose" option must be the same for @babel/plugin-proposal-class-properties, @babel/plugin-proposal-private-methods and @babel/plugin-proposal-private-property-in-object (when they are enabled): you can silence this warning by explicitly adding
	["@babel/plugin-proposal-private-property-in-object", { "loose": true }]
to the "plugins" section of your Babel config.
Though the "loose" option was set to "false" in your @babel/preset-env config, it will not be used for @babel/plugin-proposal-private-methods since the "loose" mode option was set to "true" for @babel/plugin-proposal-private-property-in-object.
The "loose" option must be the same for @babel/plugin-proposal-class-properties, @babel/plugin-proposal-private-methods and @babel/plugin-proposal-private-property-in-object (when they are enabled): you can silence this warning by explicitly adding
	["@babel/plugin-proposal-private-methods", { "loose": true }]
to the "plugins" section of your Babel config.

[Webpacker] Hash: bdff1afdfbe7c189d484
Version: webpack 4.46.0
Time: 2061ms
Built at: 2021/08/13 12:27:14
                                     Asset       Size       Chunks                         Chunk Names
    js/application-a860ea931ce4c057e219.js    124 KiB  application  [emitted] [immutable]  application
js/application-a860ea931ce4c057e219.js.map    139 KiB  application  [emitted] [dev]        application
                             manifest.json  364 bytes               [emitted]              
Entrypoint application = js/application-a860ea931ce4c057e219.js js/application-a860ea931ce4c057e219.js.map
[./app/javascript/channels sync recursive _channel\.js$] ./app/javascript/channels sync _channel\.js$ 160 bytes {application} [built]
[./app/javascript/channels/index.js] 211 bytes {application} [built]
[./app/javascript/packs/application.js] 749 bytes {application} [built]
[./node_modules/webpack/buildin/module.js] (webpack)/buildin/module.js 552 bytes {application} [built]
    + 3 hidden modules

Completed 200 OK in 4252ms (Views: 4247.6ms | ActiveRecord: 0.0ms | Allocations: 1479911)


Started GET "/posts/new" for ::1 at 2021-08-13 12:35:33 +0900
Processing by PostsController#new as HTML
  Rendering posts/new.html.erb within layouts/application
  Rendered posts/new.html.erb within layouts/application (Duration: 12.8ms | Allocations: 2702)
[Webpacker] Everything's up-to-date. Nothing to do
Completed 200 OK in 24ms (Views: 21.7ms | ActiveRecord: 0.0ms | Allocations: 8539)


Started GET "/posts" for ::1 at 2021-08-13 12:39:08 +0900
Processing by PostsController#index as HTML
  Rendering posts/index.html.erb within layouts/application
  [1m[36mPost Load (0.5ms)[0m  [1m[34mSELECT `posts`.* FROM `posts`[0m
  ↳ app/views/posts/index.html.erb:3
  Rendered posts/index.html.erb within layouts/application (Duration: 14.5ms | Allocations: 4067)
[Webpacker] Everything's up-to-date. Nothing to do
Completed 200 OK in 38ms (Views: 19.7ms | ActiveRecord: 4.0ms | Allocations: 11965)


Started GET "/posts" for ::1 at 2021-08-13 13:39:25 +0900
Processing by PostsController#index as HTML
  Rendering posts/index.html.erb within layouts/application
  [1m[36mPost Load (0.5ms)[0m  [1m[34mSELECT `posts`.* FROM `posts`[0m
  ↳ app/views/posts/index.html.erb:3
  Rendered posts/index.html.erb within layouts/application (Duration: 4.9ms | Allocations: 3613)
[Webpacker] Everything's up-to-date. Nothing to do
Completed 200 OK in 24ms (Views: 22.1ms | ActiveRecord: 0.5ms | Allocations: 9865)


Started GET "/posts" for ::1 at 2021-08-13 13:39:26 +0900
Processing by PostsController#index as HTML
  Rendering posts/index.html.erb within layouts/application
  [1m[36mPost Load (0.6ms)[0m  [1m[34mSELECT `posts`.* FROM `posts`[0m
  ↳ app/views/posts/index.html.erb:3
  Rendered posts/index.html.erb within layouts/application (Duration: 2.6ms | Allocations: 729)
[Webpacker] Everything's up-to-date. Nothing to do
Completed 200 OK in 14ms (Views: 12.3ms | ActiveRecord: 0.6ms | Allocations: 5759)


Started GET "/posts/new" for ::1 at 2021-08-13 13:39:40 +0900
Processing by PostsController#new as HTML
  Rendering posts/new.html.erb within layouts/application
  Rendered posts/new.html.erb within layouts/application (Duration: 1.8ms | Allocations: 829)
[Webpacker] Everything's up-to-date. Nothing to do
Completed 200 OK in 12ms (Views: 10.5ms | ActiveRecord: 0.0ms | Allocations: 5874)


Started GET "/posts/new" for ::1 at 2021-08-13 13:40:23 +0900
Processing by PostsController#new as HTML
  Rendering posts/new.html.erb within layouts/application
  Rendered posts/new.html.erb within layouts/application (Duration: 1.0ms | Allocations: 672)
[Webpacker] Everything's up-to-date. Nothing to do
Completed 200 OK in 33ms (Views: 31.8ms | ActiveRecord: 0.0ms | Allocations: 5955)


Started GET "/posts/new" for ::1 at 2021-08-13 13:41:50 +0900
Processing by PostsController#new as HTML
  Rendering posts/new.html.erb within layouts/application
  Rendered posts/new.html.erb within layouts/application (Duration: 0.8ms | Allocations: 674)
[Webpacker] Everything's up-to-date. Nothing to do
Completed 200 OK in 11ms (Views: 10.3ms | ActiveRecord: 0.0ms | Allocations: 5592)


Started GET "/posts/new" for ::1 at 2021-08-13 13:46:19 +0900
Processing by PostsController#new as HTML
  Rendering posts/new.html.erb within layouts/application
  Rendered posts/new.html.erb within layouts/application (Duration: 0.9ms | Allocations: 672)
[Webpacker] Everything's up-to-date. Nothing to do
Completed 200 OK in 12ms (Views: 10.9ms | ActiveRecord: 0.0ms | Allocations: 5588)


Started GET "/posts/new" for ::1 at 2021-08-13 13:46:59 +0900
Processing by PostsController#new as HTML
  Rendering posts/new.html.erb within layouts/application
  Rendered posts/new.html.erb within layouts/application (Duration: 1.8ms | Allocations: 823)
[Webpacker] Everything's up-to-date. Nothing to do
Completed 200 OK in 18ms (Views: 16.6ms | ActiveRecord: 0.0ms | Allocations: 6654)


Started GET "/posts/new" for ::1 at 2021-08-13 13:47:20 +0900
Processing by PostsController#new as HTML
  Rendering posts/new.html.erb within layouts/application
  Rendered posts/new.html.erb within layouts/application (Duration: 1.8ms | Allocations: 824)
[Webpacker] Everything's up-to-date. Nothing to do
Completed 200 OK in 18ms (Views: 16.4ms | ActiveRecord: 0.0ms | Allocations: 6656)


Started POST "/posts" for ::1 at 2021-08-13 13:47:24 +0900
Processing by PostsController#create as HTML
  Parameters: {"authenticity_token"=>"p2EecM0yY9n7Ft/JirC2AmnoBoRWuckMV9LVQM7sXB5civTNtqrCJ31l6BkzxmuSjylHKAW2FuGzWa0t16IK6g==", "content"=>"お腹減ったよーーー", "commit"=>"投稿する"}
  [1m[35m (0.3ms)[0m  [1m[35mBEGIN[0m
  ↳ app/controllers/posts_controller.rb:10:in `create'
  [1m[36mPost Create (1.9ms)[0m  [1m[32mINSERT INTO `posts` (`content`, `created_at`, `updated_at`) VALUES ('お腹減ったよーーー', '2021-08-13 04:47:24.315111', '2021-08-13 04:47:24.315111')[0m
  ↳ app/controllers/posts_controller.rb:10:in `create'
  [1m[35m (0.7ms)[0m  [1m[35mCOMMIT[0m
  ↳ app/controllers/posts_controller.rb:10:in `create'
  Rendering posts/create.html.erb within layouts/application
  Rendered posts/create.html.erb within layouts/application (Duration: 0.4ms | Allocations: 126)
[Webpacker] Everything's up-to-date. Nothing to do
Completed 200 OK in 12ms (Views: 5.2ms | ActiveRecord: 2.9ms | Allocations: 7824)


Started GET "/posts" for ::1 at 2021-08-13 13:47:25 +0900
Processing by PostsController#index as HTML
  Rendering posts/index.html.erb within layouts/application
  [1m[36mPost Load (0.7ms)[0m  [1m[34mSELECT `posts`.* FROM `posts`[0m
  ↳ app/views/posts/index.html.erb:3
  Rendered posts/index.html.erb within layouts/application (Duration: 5.2ms | Allocations: 917)
[Webpacker] Everything's up-to-date. Nothing to do
Completed 200 OK in 18ms (Views: 15.4ms | ActiveRecord: 0.7ms | Allocations: 6085)


  [1m[35m (0.6ms)[0m  [1m[35mCREATE DATABASE `first_app_development` DEFAULT CHARACTER SET `utf8mb4`[0m
  [1m[35m (0.2ms)[0m  [1m[35mCREATE DATABASE `first_app_test` DEFAULT CHARACTER SET `utf8mb4`[0m
Started GET "/" for ::1 at 2021-08-13 14:28:02 +0900
  [1m[35m (0.2ms)[0m  [1m[34mSELECT `schema_migrations`.`version` FROM `schema_migrations` ORDER BY `schema_migrations`.`version` ASC[0m
Processing by Rails::WelcomeController#index as HTML
  Rendering /Users/genki/.rbenv/versions/2.6.5/lib/ruby/gems/2.6.0/gems/railties-6.0.4/lib/rails/templates/rails/welcome/index.html.erb
  Rendered /Users/genki/.rbenv/versions/2.6.5/lib/ruby/gems/2.6.0/gems/railties-6.0.4/lib/rails/templates/rails/welcome/index.html.erb (Duration: 4.9ms | Allocations: 309)
Completed 200 OK in 10ms (Views: 6.0ms | ActiveRecord: 0.0ms | Allocations: 1836)


Started GET "/" for ::1 at 2021-08-13 16:01:07 +0900
  [1m[35m (0.1ms)[0m  [1m[34mSELECT `schema_migrations`.`version` FROM `schema_migrations` ORDER BY `schema_migrations`.`version` ASC[0m
  
ActiveRecord::PendingMigrationError (

Migrations are pending. To resolve this issue, run:

        rails db:migrate RAILS_ENV=development

):
  
activerecord (6.0.4) lib/active_record/migration.rb:586:in `check_pending!'
activerecord (6.0.4) lib/active_record/migration.rb:564:in `call'
actionpack (6.0.4) lib/action_dispatch/middleware/callbacks.rb:27:in `block in call'
activesupport (6.0.4) lib/active_support/callbacks.rb:101:in `run_callbacks'
actionpack (6.0.4) lib/action_dispatch/middleware/callbacks.rb:26:in `call'
actionpack (6.0.4) lib/action_dispatch/middleware/executor.rb:14:in `call'
actionpack (6.0.4) lib/action_dispatch/middleware/actionable_exceptions.rb:18:in `call'
actionpack (6.0.4) lib/action_dispatch/middleware/debug_exceptions.rb:32:in `call'
web-console (4.1.0) lib/web_console/middleware.rb:132:in `call_app'
web-console (4.1.0) lib/web_console/middleware.rb:28:in `block in call'
web-console (4.1.0) lib/web_console/middleware.rb:17:in `catch'
web-console (4.1.0) lib/web_console/middleware.rb:17:in `call'
actionpack (6.0.4) lib/action_dispatch/middleware/show_exceptions.rb:33:in `call'
railties (6.0.4) lib/rails/rack/logger.rb:37:in `call_app'
railties (6.0.4) lib/rails/rack/logger.rb:26:in `block in call'
activesupport (6.0.4) lib/active_support/tagged_logging.rb:80:in `block in tagged'
activesupport (6.0.4) lib/active_support/tagged_logging.rb:28:in `tagged'
activesupport (6.0.4) lib/active_support/tagged_logging.rb:80:in `tagged'
railties (6.0.4) lib/rails/rack/logger.rb:26:in `call'
sprockets-rails (3.2.2) lib/sprockets/rails/quiet_assets.rb:13:in `call'
actionpack (6.0.4) lib/action_dispatch/middleware/remote_ip.rb:81:in `call'
actionpack (6.0.4) lib/action_dispatch/middleware/request_id.rb:27:in `call'
rack (2.2.3) lib/rack/method_override.rb:24:in `call'
rack (2.2.3) lib/rack/runtime.rb:22:in `call'
activesupport (6.0.4) lib/active_support/cache/strategy/local_cache_middleware.rb:29:in `call'
actionpack (6.0.4) lib/action_dispatch/middleware/executor.rb:14:in `call'
actionpack (6.0.4) lib/action_dispatch/middleware/static.rb:126:in `call'
rack (2.2.3) lib/rack/sendfile.rb:110:in `call'
actionpack (6.0.4) lib/action_dispatch/middleware/host_authorization.rb:82:in `call'
webpacker (4.3.0) lib/webpacker/dev_server_proxy.rb:23:in `perform_request'
rack-proxy (0.7.0) lib/rack/proxy.rb:63:in `call'
railties (6.0.4) lib/rails/engine.rb:527:in `call'
puma (3.12.6) lib/puma/configuration.rb:227:in `call'
puma (3.12.6) lib/puma/server.rb:706:in `handle_request'
puma (3.12.6) lib/puma/server.rb:476:in `process_client'
puma (3.12.6) lib/puma/server.rb:334:in `block in run'
puma (3.12.6) lib/puma/thread_pool.rb:135:in `block in spawn_thread'
  [1m[35m (5.5ms)[0m  [1m[34mSELECT GET_LOCK('1785429997132287975', 0)[0m
  [1m[35m (0.2ms)[0m  [1m[34mSELECT `schema_migrations`.`version` FROM `schema_migrations` ORDER BY `schema_migrations`.`version` ASC[0m
Migrating to CreateMigrates (20210813054520)
  [1m[35m (0.1ms)[0m  [1m[34mSELECT @@innodb_file_per_table = 1 AND @@innodb_file_format = 'Barracuda'[0m
  [1m[35m (33.4ms)[0m  [1m[35mCREATE TABLE `migrates` (`id` bigint NOT NULL AUTO_INCREMENT PRIMARY KEY, `created_at` datetime(6) NOT NULL, `updated_at` datetime(6) NOT NULL)[0m
  [1m[35m (0.1ms)[0m  [1m[35mBEGIN[0m
  [1m[36mActiveRecord::SchemaMigration Create (0.2ms)[0m  [1m[32mINSERT INTO `schema_migrations` (`version`) VALUES ('20210813054520')[0m
  [1m[35m (0.2ms)[0m  [1m[35mCOMMIT[0m
  [1m[36mActiveRecord::InternalMetadata Load (5.5ms)[0m  [1m[34mSELECT `ar_internal_metadata`.* FROM `ar_internal_metadata` WHERE `ar_internal_metadata`.`key` = 'environment' LIMIT 1[0m
  [1m[35m (0.2ms)[0m  [1m[34mSELECT RELEASE_LOCK('1785429997132287975')[0m
  [1m[35m (0.1ms)[0m  [1m[34mSELECT `schema_migrations`.`version` FROM `schema_migrations` ORDER BY `schema_migrations`.`version` ASC[0m
Started GET "/" for ::1 at 2021-08-13 16:02:02 +0900
  [1m[35m (0.2ms)[0m  [1m[34mSELECT `schema_migrations`.`version` FROM `schema_migrations` ORDER BY `schema_migrations`.`version` ASC[0m
Processing by Rails::WelcomeController#index as HTML
  Rendering /Users/genki/.rbenv/versions/2.6.5/lib/ruby/gems/2.6.0/gems/railties-6.0.4/lib/rails/templates/rails/welcome/index.html.erb
  Rendered /Users/genki/.rbenv/versions/2.6.5/lib/ruby/gems/2.6.0/gems/railties-6.0.4/lib/rails/templates/rails/welcome/index.html.erb (Duration: 4.9ms | Allocations: 190)
Completed 200 OK in 8ms (Views: 5.3ms | ActiveRecord: 0.0ms | Allocations: 1376)


Started GET "/posts" for ::1 at 2021-08-13 16:03:09 +0900
  
ActionController::RoutingError (No route matches [GET] "/posts"):
  
actionpack (6.0.4) lib/action_dispatch/middleware/debug_exceptions.rb:36:in `call'
web-console (4.1.0) lib/web_console/middleware.rb:132:in `call_app'
web-console (4.1.0) lib/web_console/middleware.rb:28:in `block in call'
web-console (4.1.0) lib/web_console/middleware.rb:17:in `catch'
web-console (4.1.0) lib/web_console/middleware.rb:17:in `call'
actionpack (6.0.4) lib/action_dispatch/middleware/show_exceptions.rb:33:in `call'
railties (6.0.4) lib/rails/rack/logger.rb:37:in `call_app'
railties (6.0.4) lib/rails/rack/logger.rb:26:in `block in call'
activesupport (6.0.4) lib/active_support/tagged_logging.rb:80:in `block in tagged'
activesupport (6.0.4) lib/active_support/tagged_logging.rb:28:in `tagged'
activesupport (6.0.4) lib/active_support/tagged_logging.rb:80:in `tagged'
railties (6.0.4) lib/rails/rack/logger.rb:26:in `call'
sprockets-rails (3.2.2) lib/sprockets/rails/quiet_assets.rb:13:in `call'
actionpack (6.0.4) lib/action_dispatch/middleware/remote_ip.rb:81:in `call'
actionpack (6.0.4) lib/action_dispatch/middleware/request_id.rb:27:in `call'
rack (2.2.3) lib/rack/method_override.rb:24:in `call'
rack (2.2.3) lib/rack/runtime.rb:22:in `call'
activesupport (6.0.4) lib/active_support/cache/strategy/local_cache_middleware.rb:29:in `call'
actionpack (6.0.4) lib/action_dispatch/middleware/executor.rb:14:in `call'
actionpack (6.0.4) lib/action_dispatch/middleware/static.rb:126:in `call'
rack (2.2.3) lib/rack/sendfile.rb:110:in `call'
actionpack (6.0.4) lib/action_dispatch/middleware/host_authorization.rb:82:in `call'
webpacker (4.3.0) lib/webpacker/dev_server_proxy.rb:23:in `perform_request'
rack-proxy (0.7.0) lib/rack/proxy.rb:63:in `call'
railties (6.0.4) lib/rails/engine.rb:527:in `call'
puma (3.12.6) lib/puma/configuration.rb:227:in `call'
puma (3.12.6) lib/puma/server.rb:706:in `handle_request'
puma (3.12.6) lib/puma/server.rb:476:in `process_client'
puma (3.12.6) lib/puma/server.rb:334:in `block in run'
puma (3.12.6) lib/puma/thread_pool.rb:135:in `block in spawn_thread'
Started GET "/posts" for ::1 at 2021-08-13 16:03:38 +0900
  
ActionController::RoutingError (No route matches [GET] "/posts"):
  
actionpack (6.0.4) lib/action_dispatch/middleware/debug_exceptions.rb:36:in `call'
web-console (4.1.0) lib/web_console/middleware.rb:132:in `call_app'
web-console (4.1.0) lib/web_console/middleware.rb:28:in `block in call'
web-console (4.1.0) lib/web_console/middleware.rb:17:in `catch'
web-console (4.1.0) lib/web_console/middleware.rb:17:in `call'
actionpack (6.0.4) lib/action_dispatch/middleware/show_exceptions.rb:33:in `call'
railties (6.0.4) lib/rails/rack/logger.rb:37:in `call_app'
railties (6.0.4) lib/rails/rack/logger.rb:26:in `block in call'
activesupport (6.0.4) lib/active_support/tagged_logging.rb:80:in `block in tagged'
activesupport (6.0.4) lib/active_support/tagged_logging.rb:28:in `tagged'
activesupport (6.0.4) lib/active_support/tagged_logging.rb:80:in `tagged'
railties (6.0.4) lib/rails/rack/logger.rb:26:in `call'
sprockets-rails (3.2.2) lib/sprockets/rails/quiet_assets.rb:13:in `call'
actionpack (6.0.4) lib/action_dispatch/middleware/remote_ip.rb:81:in `call'
actionpack (6.0.4) lib/action_dispatch/middleware/request_id.rb:27:in `call'
rack (2.2.3) lib/rack/method_override.rb:24:in `call'
rack (2.2.3) lib/rack/runtime.rb:22:in `call'
activesupport (6.0.4) lib/active_support/cache/strategy/local_cache_middleware.rb:29:in `call'
actionpack (6.0.4) lib/action_dispatch/middleware/executor.rb:14:in `call'
actionpack (6.0.4) lib/action_dispatch/middleware/static.rb:126:in `call'
rack (2.2.3) lib/rack/sendfile.rb:110:in `call'
actionpack (6.0.4) lib/action_dispatch/middleware/host_authorization.rb:82:in `call'
webpacker (4.3.0) lib/webpacker/dev_server_proxy.rb:23:in `perform_request'
rack-proxy (0.7.0) lib/rack/proxy.rb:63:in `call'
railties (6.0.4) lib/rails/engine.rb:527:in `call'
puma (3.12.6) lib/puma/configuration.rb:227:in `call'
puma (3.12.6) lib/puma/server.rb:706:in `handle_request'
puma (3.12.6) lib/puma/server.rb:476:in `process_client'
puma (3.12.6) lib/puma/server.rb:334:in `block in run'
puma (3.12.6) lib/puma/thread_pool.rb:135:in `block in spawn_thread'
Started GET "/posts" for ::1 at 2021-08-13 16:03:39 +0900
  
ActionController::RoutingError (No route matches [GET] "/posts"):
  
actionpack (6.0.4) lib/action_dispatch/middleware/debug_exceptions.rb:36:in `call'
web-console (4.1.0) lib/web_console/middleware.rb:132:in `call_app'
web-console (4.1.0) lib/web_console/middleware.rb:28:in `block in call'
web-console (4.1.0) lib/web_console/middleware.rb:17:in `catch'
web-console (4.1.0) lib/web_console/middleware.rb:17:in `call'
actionpack (6.0.4) lib/action_dispatch/middleware/show_exceptions.rb:33:in `call'
railties (6.0.4) lib/rails/rack/logger.rb:37:in `call_app'
railties (6.0.4) lib/rails/rack/logger.rb:26:in `block in call'
activesupport (6.0.4) lib/active_support/tagged_logging.rb:80:in `block in tagged'
activesupport (6.0.4) lib/active_support/tagged_logging.rb:28:in `tagged'
activesupport (6.0.4) lib/active_support/tagged_logging.rb:80:in `tagged'
railties (6.0.4) lib/rails/rack/logger.rb:26:in `call'
sprockets-rails (3.2.2) lib/sprockets/rails/quiet_assets.rb:13:in `call'
actionpack (6.0.4) lib/action_dispatch/middleware/remote_ip.rb:81:in `call'
actionpack (6.0.4) lib/action_dispatch/middleware/request_id.rb:27:in `call'
rack (2.2.3) lib/rack/method_override.rb:24:in `call'
rack (2.2.3) lib/rack/runtime.rb:22:in `call'
activesupport (6.0.4) lib/active_support/cache/strategy/local_cache_middleware.rb:29:in `call'
actionpack (6.0.4) lib/action_dispatch/middleware/executor.rb:14:in `call'
actionpack (6.0.4) lib/action_dispatch/middleware/static.rb:126:in `call'
rack (2.2.3) lib/rack/sendfile.rb:110:in `call'
actionpack (6.0.4) lib/action_dispatch/middleware/host_authorization.rb:82:in `call'
webpacker (4.3.0) lib/webpacker/dev_server_proxy.rb:23:in `perform_request'
rack-proxy (0.7.0) lib/rack/proxy.rb:63:in `call'
railties (6.0.4) lib/rails/engine.rb:527:in `call'
puma (3.12.6) lib/puma/configuration.rb:227:in `call'
puma (3.12.6) lib/puma/server.rb:706:in `handle_request'
puma (3.12.6) lib/puma/server.rb:476:in `process_client'
puma (3.12.6) lib/puma/server.rb:334:in `block in run'
puma (3.12.6) lib/puma/thread_pool.rb:135:in `block in spawn_thread'
Started GET "/posts" for ::1 at 2021-08-13 16:06:18 +0900
  
ActionController::RoutingError (No route matches [GET] "/posts"):
  
actionpack (6.0.4) lib/action_dispatch/middleware/debug_exceptions.rb:36:in `call'
web-console (4.1.0) lib/web_console/middleware.rb:132:in `call_app'
web-console (4.1.0) lib/web_console/middleware.rb:28:in `block in call'
web-console (4.1.0) lib/web_console/middleware.rb:17:in `catch'
web-console (4.1.0) lib/web_console/middleware.rb:17:in `call'
actionpack (6.0.4) lib/action_dispatch/middleware/show_exceptions.rb:33:in `call'
railties (6.0.4) lib/rails/rack/logger.rb:37:in `call_app'
railties (6.0.4) lib/rails/rack/logger.rb:26:in `block in call'
activesupport (6.0.4) lib/active_support/tagged_logging.rb:80:in `block in tagged'
activesupport (6.0.4) lib/active_support/tagged_logging.rb:28:in `tagged'
activesupport (6.0.4) lib/active_support/tagged_logging.rb:80:in `tagged'
railties (6.0.4) lib/rails/rack/logger.rb:26:in `call'
sprockets-rails (3.2.2) lib/sprockets/rails/quiet_assets.rb:13:in `call'
actionpack (6.0.4) lib/action_dispatch/middleware/remote_ip.rb:81:in `call'
actionpack (6.0.4) lib/action_dispatch/middleware/request_id.rb:27:in `call'
rack (2.2.3) lib/rack/method_override.rb:24:in `call'
rack (2.2.3) lib/rack/runtime.rb:22:in `call'
activesupport (6.0.4) lib/active_support/cache/strategy/local_cache_middleware.rb:29:in `call'
actionpack (6.0.4) lib/action_dispatch/middleware/executor.rb:14:in `call'
actionpack (6.0.4) lib/action_dispatch/middleware/static.rb:126:in `call'
rack (2.2.3) lib/rack/sendfile.rb:110:in `call'
actionpack (6.0.4) lib/action_dispatch/middleware/host_authorization.rb:82:in `call'
webpacker (4.3.0) lib/webpacker/dev_server_proxy.rb:23:in `perform_request'
rack-proxy (0.7.0) lib/rack/proxy.rb:63:in `call'
railties (6.0.4) lib/rails/engine.rb:527:in `call'
puma (3.12.6) lib/puma/configuration.rb:227:in `call'
puma (3.12.6) lib/puma/server.rb:706:in `handle_request'
puma (3.12.6) lib/puma/server.rb:476:in `process_client'
puma (3.12.6) lib/puma/server.rb:334:in `block in run'
puma (3.12.6) lib/puma/thread_pool.rb:135:in `block in spawn_thread'
Started GET "/posts" for ::1 at 2021-08-13 16:06:19 +0900
  
ActionController::RoutingError (No route matches [GET] "/posts"):
  
actionpack (6.0.4) lib/action_dispatch/middleware/debug_exceptions.rb:36:in `call'
web-console (4.1.0) lib/web_console/middleware.rb:132:in `call_app'
web-console (4.1.0) lib/web_console/middleware.rb:28:in `block in call'
web-console (4.1.0) lib/web_console/middleware.rb:17:in `catch'
web-console (4.1.0) lib/web_console/middleware.rb:17:in `call'
actionpack (6.0.4) lib/action_dispatch/middleware/show_exceptions.rb:33:in `call'
railties (6.0.4) lib/rails/rack/logger.rb:37:in `call_app'
railties (6.0.4) lib/rails/rack/logger.rb:26:in `block in call'
activesupport (6.0.4) lib/active_support/tagged_logging.rb:80:in `block in tagged'
activesupport (6.0.4) lib/active_support/tagged_logging.rb:28:in `tagged'
activesupport (6.0.4) lib/active_support/tagged_logging.rb:80:in `tagged'
railties (6.0.4) lib/rails/rack/logger.rb:26:in `call'
sprockets-rails (3.2.2) lib/sprockets/rails/quiet_assets.rb:13:in `call'
actionpack (6.0.4) lib/action_dispatch/middleware/remote_ip.rb:81:in `call'
actionpack (6.0.4) lib/action_dispatch/middleware/request_id.rb:27:in `call'
rack (2.2.3) lib/rack/method_override.rb:24:in `call'
rack (2.2.3) lib/rack/runtime.rb:22:in `call'
activesupport (6.0.4) lib/active_support/cache/strategy/local_cache_middleware.rb:29:in `call'
actionpack (6.0.4) lib/action_dispatch/middleware/executor.rb:14:in `call'
actionpack (6.0.4) lib/action_dispatch/middleware/static.rb:126:in `call'
rack (2.2.3) lib/rack/sendfile.rb:110:in `call'
actionpack (6.0.4) lib/action_dispatch/middleware/host_authorization.rb:82:in `call'
webpacker (4.3.0) lib/webpacker/dev_server_proxy.rb:23:in `perform_request'
rack-proxy (0.7.0) lib/rack/proxy.rb:63:in `call'
railties (6.0.4) lib/rails/engine.rb:527:in `call'
puma (3.12.6) lib/puma/configuration.rb:227:in `call'
puma (3.12.6) lib/puma/server.rb:706:in `handle_request'
puma (3.12.6) lib/puma/server.rb:476:in `process_client'
puma (3.12.6) lib/puma/server.rb:334:in `block in run'
puma (3.12.6) lib/puma/thread_pool.rb:135:in `block in spawn_thread'
